IQ-TREE version 3.0.1 for Linux x86 64-bit built May  5 2025
Developed by Bui Quang Minh, Thomas Wong, Nhan Ly-Trong, Huaiyan Ren
Contributed by Lam-Tung Nguyen, Dominik Schrempf, Chris Bielow,
Olga Chernomor, Michael Woodhams, Diep Thi Hoang, Heiko Schmidt

Host:    719f32e85ace (AVX2, FMA3, 62 GB RAM)
Command: iqtree --threads-max 4 -s results/XEC/masked_filtered-delim.fasta -m GTR --ninit 2 -n 2 --epsilon 0.05 -T AUTO --redo -ninit 10 -n 4
Seed:    763588 (Using SPRNG - Scalable Parallel Random Number Generator)
Time:    Thu Oct 23 13:15:45 2025
Kernel:  AVX+FMA - auto-detect threads (8 CPU cores detected)

Reading alignment file results/XEC/masked_filtered-delim.fasta ... Fasta format detected
Reading fasta file: done in 0.00309179 secs using 94.57% CPU
Alignment most likely contains DNA/RNA sequences
Constructing alignment: done in 0.0401123 secs using 107.4% CPU
WARNING: 589 sites contain only gaps or ambiguous characters.
Alignment has 6 sequences with 29903 columns, 81 distinct patterns
2 parsimony-informative, 57 singleton sites, 29844 constant sites
                                        Gap/Ambiguity  Composition  p-value
Analyzing sequences: done in 1.23139e-05 secs
   1  Norway_DELIM-0x2f_2192_DELIM-0x2f_2025    7.67%    passed     98.51%
   2  Norway_DELIM-0x2f_26_DELIM-0x2f_2025      9.60%    passed     98.48%
   3  Norway_DELIM-0x2f_7856_DELIM-0x2f_2025    5.50%    passed     99.91%
   4  Norway_DELIM-0x2f_7265_DELIM-0x2f_2025   11.19%    passed     99.29%
   5  Norway_DELIM-0x2f_8021_DELIM-0x2f_2025    4.60%    passed     99.96%
   6  Norway_DELIM-0x2f_8106_DELIM-0x2f_2025   20.07%    passed     86.72%
****  TOTAL                                     9.77%  0 sequences failed composition chi2 test (p-value<5%; df=3)
Checking for duplicate sequences: done in 2.82917e-05 secs using 53.02% CPU

Create initial parsimony tree by phylogenetic likelihood library (PLL)... 0.000 seconds

NOTE: 0 MB RAM (0 GB) is required!
Measuring multi-threading efficiency up to 4 CPU cores
Increase to 10 rounds for branch lengths
27302 trees examined
Threads: 1 / Time: 4.000 sec / Speedup: 1.000 / Efficiency: 100% / LogL: -40323
Threads: 2 / Time: 9.629 sec / Speedup: 0.415 / Efficiency: 21% / LogL: -40323
Determining AUTO threadcount: done in 13.6294 secs using 158.6% CPU
BEST NUMBER OF THREADS: 1

Estimate model parameters (epsilon = 0.500)
1. Initial log-likelihood: -40313.491
2. Current log-likelihood: -40290.394
3. Current log-likelihood: -40280.284
4. Current log-likelihood: -40276.503
Optimal log-likelihood: -40276.481
Rate parameters:  A-C: 0.62554  A-G: 2.13037  A-T: 0.09359  C-G: 0.00010  C-T: 6.35878  G-T: 1.00000
Warning! Some parameters hit the boundaries
Base frequencies:  A: 0.300  C: 0.181  G: 0.194  T: 0.324
Parameters optimization took 4 rounds (0.003 sec)
Wrote distance file to... 
Computing ML distances based on estimated model parameters...
Calculating distance matrix: done in 6.84178e-05 secs using 90.62% CPU
Computing ML distances took 0.000089 sec (of wall-clock time) 0.000085 sec (of CPU time)
Setting up auxiliary I and S matrices: done in 5.24176e-05 secs using 97.3% CPU
Constructing RapidNJ tree: done in 1.93352e-05 secs using 93.09% CPU
Computing RapidNJ tree took 0.000133 sec (of wall-clock time) 0.000132 sec (of CPU time)
Log-likelihood of RapidNJ tree: -40281.690
--------------------------------------------------------------------
|             INITIALIZING CANDIDATE TREE SET                      |
--------------------------------------------------------------------
Generating 8 parsimony trees... 0.001 second
Computing log-likelihood of 6 initial trees ... 0.000 seconds
Current best score: -40276.481

Do NNI search on 2 best initial trees
Optimizing NNI: done in 0.000115654 secs using 98.57% CPU
UPDATE BEST LOG-LIKELIHOOD: -40276.481
Optimizing NNI: done in 0.000161171 secs using 718.5% CPU
UPDATE BEST LOG-LIKELIHOOD: -40276.481
Finish initializing candidate tree set (8)
Current best tree score: -40276.481 / CPU time: 0.002
Number of iterations: 2
--------------------------------------------------------------------
|               OPTIMIZING CANDIDATE TREE SET                      |
--------------------------------------------------------------------
Optimizing NNI: done in 0.000293886 secs using 99.7% CPU
Optimizing NNI: done in 0.00013946 secs using 98.95% CPU
TREE SEARCH COMPLETED AFTER 4 ITERATIONS / Time: 0h:0m:13s

--------------------------------------------------------------------
|                    FINALIZING TREE SEARCH                        |
--------------------------------------------------------------------
Performs final model parameters optimization
Estimate model parameters (epsilon = 0.050)
1. Initial log-likelihood: -40276.481
Optimal log-likelihood: -40276.480
Rate parameters:  A-C: 0.60706  A-G: 2.11129  A-T: 0.13423  C-G: 0.00010  C-T: 6.33901  G-T: 1.00000
Warning! Some parameters hit the boundaries
Base frequencies:  A: 0.300  C: 0.181  G: 0.194  T: 0.324
Parameters optimization took 1 rounds (0.000 sec)
BEST SCORE FOUND : -40276.480
Total tree length: 0.002

Total number of iterations: 4
CPU time used for tree search: 0.004 sec (0h:0m:0s)
Wall-clock time used for tree search: 0.002 sec (0h:0m:0s)
Total CPU time used: 21.674 sec (0h:0m:21s)
Total wall-clock time used: 13.648 sec (0h:0m:13s)

Analysis results written to: 
  IQ-TREE report:                results/XEC/masked_filtered-delim.fasta.iqtree
  Maximum-likelihood tree:       results/XEC/masked_filtered-delim.fasta.treefile
  Likelihood distances:          results/XEC/masked_filtered-delim.fasta.mldist
  Screen log file:               results/XEC/masked_filtered-delim.fasta.log

Date and Time: Thu Oct 23 13:15:59 2025
